<?xml version="1.0" encoding="UTF-8"?>
<coverage generated="1740994092176" clover="3.2.0">
  <project timestamp="1740994092176" name="All files">
    <metrics statements="1" coveredstatements="1" conditionals="12" coveredconditionals="10" methods="7" coveredmethods="3" elements="20" coveredelements="14" complexity="0" loc="1" ncloc="1" packages="1" files="1" classes="1"/>
    <file name="index.ts" path="/Users/apple/Desktop/YD/nezha-interface/src/utils/index.ts">
      <metrics statements="1" coveredstatements="1" conditionals="12" coveredconditionals="10" methods="7" coveredmethods="3"/>
      <line num="1" count="20" type="cond" truecount="10" falsecount="2"/>
    </file>
  </project>
</coverage>
