{"/Users/apple/Desktop/YD/nezha-interface/src/utils/index.ts": {"path":"/Users/apple/Desktop/YD/nezha-interface/src/utils/index.ts","statementMap":{"0":{"start":{"line":1,"column":13},"end":{"line":1,"column":70}},"1":{"start":{"line":1,"column":99},"end":{"line":1,"column":185}},"2":{"start":{"line":1,"column":119},"end":{"line":1,"column":185}},"3":{"start":{"line":1,"column":186},"end":{"line":1,"column":299}},"4":{"start":{"line":1,"column":234},"end":{"line":1,"column":260}},"5":{"start":{"line":1,"column":281},"end":{"line":1,"column":295}},"6":{"start":{"line":1,"column":331},"end":{"line":1,"column":362}},"7":{"start":{"line":1,"column":363},"end":{"line":1,"column":397}},"8":{"start":{"line":1,"column":384},"end":{"line":1,"column":395}},"9":{"start":{"line":1,"column":397},"end":{"line":1,"column":408}},"10":{"start":{"line":1,"column":435},"end":{"line":1,"column":788}},"11":{"start":{"line":1,"column":473},"end":{"line":1,"column":494}},"12":{"start":{"line":1,"column":485},"end":{"line":1,"column":494}},"13":{"start":{"line":1,"column":494},"end":{"line":1,"column":551}},"14":{"start":{"line":1,"column":536},"end":{"line":1,"column":550}},"15":{"start":{"line":1,"column":570},"end":{"line":1,"column":619}},"16":{"start":{"line":1,"column":632},"end":{"line":1,"column":665}},"17":{"start":{"line":1,"column":676},"end":{"line":1,"column":706}},"18":{"start":{"line":1,"column":720},"end":{"line":1,"column":752}},"19":{"start":{"line":1,"column":753},"end":{"line":1,"column":787}},"20":{"start":{"line":1,"column":817},"end":{"line":1,"column":879}},"21":{"start":{"line":1,"column":862},"end":{"line":1,"column":879}},"22":{"start":{"line":1,"column":879},"end":{"line":1,"column":894}}},"fnMap":{"0":{"name":"_export","decl":{"start":{"line":1,"column":79},"end":{"line":1,"column":86}},"loc":{"start":{"line":1,"column":98},"end":{"line":1,"column":186}},"line":1},"1":{"name":"(anonymous_1)","decl":{"start":{"line":1,"column":223},"end":{"line":1,"column":224}},"loc":{"start":{"line":1,"column":233},"end":{"line":1,"column":261}},"line":1},"2":{"name":"(anonymous_2)","decl":{"start":{"line":1,"column":270},"end":{"line":1,"column":271}},"loc":{"start":{"line":1,"column":280},"end":{"line":1,"column":296}},"line":1},"3":{"name":"_metamask","decl":{"start":{"line":1,"column":308},"end":{"line":1,"column":317}},"loc":{"start":{"line":1,"column":319},"end":{"line":1,"column":409}},"line":1},"4":{"name":"(anonymous_4)","decl":{"start":{"line":1,"column":373},"end":{"line":1,"column":374}},"loc":{"start":{"line":1,"column":383},"end":{"line":1,"column":396}},"line":1},"5":{"name":"(anonymous_5)","decl":{"start":{"line":1,"column":435},"end":{"line":1,"column":436}},"loc":{"start":{"line":1,"column":472},"end":{"line":1,"column":788}},"line":1},"6":{"name":"getName","decl":{"start":{"line":1,"column":798},"end":{"line":1,"column":805}},"loc":{"start":{"line":1,"column":816},"end":{"line":1,"column":895}},"line":1}},"branchMap":{"0":{"loc":{"start":{"line":1,"column":444},"end":{"line":1,"column":457}},"type":"default-arg","locations":[{"start":{"line":1,"column":456},"end":{"line":1,"column":457}}],"line":1},"1":{"loc":{"start":{"line":1,"column":458},"end":{"line":1,"column":469}},"type":"default-arg","locations":[{"start":{"line":1,"column":468},"end":{"line":1,"column":469}}],"line":1},"2":{"loc":{"start":{"line":1,"column":473},"end":{"line":1,"column":494}},"type":"if","locations":[{"start":{"line":1,"column":473},"end":{"line":1,"column":494}},{"start":{},"end":{}}],"line":1},"3":{"loc":{"start":{"line":1,"column":494},"end":{"line":1,"column":551}},"type":"if","locations":[{"start":{"line":1,"column":494},"end":{"line":1,"column":551}},{"start":{},"end":{}}],"line":1},"4":{"loc":{"start":{"line":1,"column":570},"end":{"line":1,"column":619}},"type":"cond-expr","locations":[{"start":{"line":1,"column":595},"end":{"line":1,"column":611}},{"start":{"line":1,"column":612},"end":{"line":1,"column":619}}],"line":1},"5":{"loc":{"start":{"line":1,"column":720},"end":{"line":1,"column":752}},"type":"cond-expr","locations":[{"start":{"line":1,"column":745},"end":{"line":1,"column":749}},{"start":{"line":1,"column":750},"end":{"line":1,"column":752}}],"line":1},"6":{"loc":{"start":{"line":1,"column":817},"end":{"line":1,"column":879}},"type":"if","locations":[{"start":{"line":1,"column":817},"end":{"line":1,"column":879}},{"start":{},"end":{}}],"line":1}},"s":{"0":1,"1":1,"2":2,"3":1,"4":20,"5":0,"6":0,"7":0,"8":0,"9":0,"10":1,"11":20,"12":3,"13":17,"14":5,"15":12,"16":12,"17":12,"18":12,"19":12,"20":0,"21":0,"22":0},"f":{"0":1,"1":20,"2":0,"3":0,"4":0,"5":20,"6":0},"b":{"0":[12],"1":[12],"2":[3,17],"3":[5,12],"4":[7,5],"5":[7,5],"6":[0,0]},"inputSourceMap":{"0":"{","1":"\"","2":"v","3":"e","4":"r","5":"s","6":"i","7":"o","8":"n","9":"\"","10":":","11":"3","12":",","13":"\"","14":"s","15":"o","16":"u","17":"r","18":"c","19":"e","20":"s","21":"\"","22":":","23":"[","24":"\"","25":"/","26":"U","27":"s","28":"e","29":"r","30":"s","31":"/","32":"a","33":"p","34":"p","35":"l","36":"e","37":"/","38":"D","39":"e","40":"s","41":"k","42":"t","43":"o","44":"p","45":"/","46":"Y","47":"D","48":"/","49":"n","50":"e","51":"z","52":"h","53":"a","54":"-","55":"i","56":"n","57":"t","58":"e","59":"r","60":"f","61":"a","62":"c","63":"e","64":"/","65":"s","66":"r","67":"c","68":"/","69":"u","70":"t","71":"i","72":"l","73":"s","74":"/","75":"i","76":"n","77":"d","78":"e","79":"x","80":".","81":"t","82":"s","83":"\"","84":"]","85":",","86":"\"","87":"s","88":"o","89":"u","90":"r","91":"c","92":"e","93":"s","94":"C","95":"o","96":"n","97":"t","98":"e","99":"n","100":"t","101":"\"","102":":","103":"[","104":"\"","105":"i","106":"m","107":"p","108":"o","109":"r","110":"t","111":" ","112":"{","113":" ","114":"M","115":"e","116":"t","117":"a","118":"M","119":"a","120":"s","121":"k","122":" ","123":"}","124":" ","125":"f","126":"r","127":"o","128":"m","129":" ","130":"'","131":"@","132":"w","133":"e","134":"b","135":"3","136":"-","137":"r","138":"e","139":"a","140":"c","141":"t","142":"/","143":"m","144":"e","145":"t","146":"a","147":"m","148":"a","149":"s","150":"k","151":"'","152":";","153":"\\","154":"n","155":"i","156":"m","157":"p","158":"o","159":"r","160":"t","161":" ","162":"t","163":"y","164":"p","165":"e","166":" ","167":"{","168":" ","169":"C","170":"o","171":"n","172":"n","173":"e","174":"c","175":"t","176":"o","177":"r","178":" ","179":"}","180":" ","181":"f","182":"r","183":"o","184":"m","185":" ","186":"'","187":"@","188":"w","189":"e","190":"b","191":"3","192":"-","193":"r","194":"e","195":"a","196":"c","197":"t","198":"/","199":"t","200":"y","201":"p","202":"e","203":"s","204":"'","205":";","206":"\\","207":"n","208":"\\","209":"n","210":"e","211":"x","212":"p","213":"o","214":"r","215":"t","216":" ","217":"c","218":"o","219":"n","220":"s","221":"t","222":" ","223":"f","224":"o","225":"r","226":"m","227":"a","228":"t","229":"W","230":"a","231":"l","232":"l","233":"e","234":"t","235":"A","236":"d","237":"d","238":"r","239":"e","240":"s","241":"s","242":" ","243":"=","244":" ","245":"(","246":"\\","247":"n","248":" ","249":" ","250":"a","251":"d","252":"d","253":"r","254":"e","255":"s","256":"s","257":":","258":" ","259":"s","260":"t","261":"r","262":"i","263":"n","264":"g","265":",","266":"\\","267":"n","268":" ","269":" ","270":"s","271":"t","272":"a","273":"r","274":"t","275":"L","276":"e","277":"n","278":"g","279":"t","280":"h","281":":","282":" ","283":"n","284":"u","285":"m","286":"b","287":"e","288":"r","289":" ","290":"=","291":" ","292":"6","293":",","294":"\\","295":"n","296":" ","297":" ","298":"e","299":"n","300":"d","301":"L","302":"e","303":"n","304":"g","305":"t","306":"h","307":":","308":" ","309":"n","310":"u","311":"m","312":"b","313":"e","314":"r","315":" ","316":"=","317":" ","318":"4","319":"\\","320":"n","321":")","322":":","323":" ","324":"s","325":"t","326":"r","327":"i","328":"n","329":"g","330":" ","331":"=","332":">","333":" ","334":"{","335":"\\","336":"n","337":" ","338":" ","339":"i","340":"f","341":" ","342":"(","343":"!","344":"a","345":"d","346":"d","347":"r","348":"e","349":"s","350":"s","351":")","352":" ","353":"r","354":"e","355":"t","356":"u","357":"r","358":"n","359":" ","360":"'","361":"'","362":";","363":"\\","364":"n","365":"\\","366":"n","367":" ","368":" ","369":"/","370":"/","371":" ","372":"检","373":"查","374":"地","375":"址","376":"长","377":"度","378":"是","379":"否","380":"足","381":"够","382":"进","383":"行","384":"格","385":"式","386":"化","387":"\\","388":"n","389":" ","390":" ","391":"i","392":"f","393":" ","394":"(","395":"a","396":"d","397":"d","398":"r","399":"e","400":"s","401":"s","402":".","403":"l","404":"e","405":"n","406":"g","407":"t","408":"h","409":" ","410":"<","411":"=","412":" ","413":"s","414":"t","415":"a","416":"r","417":"t","418":"L","419":"e","420":"n","421":"g","422":"t","423":"h","424":" ","425":"+","426":" ","427":"e","428":"n","429":"d","430":"L","431":"e","432":"n","433":"g","434":"t","435":"h","436":")","437":" ","438":"{","439":"\\","440":"n","441":" ","442":" ","443":" ","444":" ","445":"r","446":"e","447":"t","448":"u","449":"r","450":"n","451":" ","452":"a","453":"d","454":"d","455":"r","456":"e","457":"s","458":"s","459":";","460":"\\","461":"n","462":" ","463":" ","464":"}","465":"\\","466":"n","467":"\\","468":"n","469":" ","470":" ","471":"/","472":"/","473":" ","474":"移","475":"除","476":"可","477":"能","478":"的","479":"前","480":"缀","481":"\\","482":"n","483":" ","484":" ","485":"c","486":"o","487":"n","488":"s","489":"t","490":" ","491":"c","492":"l","493":"e","494":"a","495":"n","496":"A","497":"d","498":"d","499":"r","500":"e","501":"s","502":"s","503":" ","504":"=","505":" ","506":"a","507":"d","508":"d","509":"r","510":"e","511":"s","512":"s","513":".","514":"s","515":"t","516":"a","517":"r","518":"t","519":"s","520":"W","521":"i","522":"t","523":"h","524":"(","525":"'","526":"0","527":"x","528":"'","529":")","530":" ","531":"?","532":" ","533":"a","534":"d","535":"d","536":"r","537":"e","538":"s","539":"s","540":".","541":"s","542":"l","543":"i","544":"c","545":"e","546":"(","547":"2","548":")","549":" ","550":":","551":" ","552":"a","553":"d","554":"d","555":"r","556":"e","557":"s","558":"s","559":";","560":"\\","561":"n","562":"\\","563":"n","564":" ","565":" ","566":"/","567":"/","568":" ","569":"获","570":"取","571":"起","572":"始","573":"和","574":"结","575":"束","576":"部","577":"分","578":"\\","579":"n","580":" ","581":" ","582":"c","583":"o","584":"n","585":"s","586":"t","587":" ","588":"s","589":"t","590":"a","591":"r","592":"t","593":" ","594":"=","595":" ","596":"c","597":"l","598":"e","599":"a","600":"n","601":"A","602":"d","603":"d","604":"r","605":"e","606":"s","607":"s","608":".","609":"s","610":"l","611":"i","612":"c","613":"e","614":"(","615":"0","616":",","617":" ","618":"s","619":"t","620":"a","621":"r","622":"t","623":"L","624":"e","625":"n","626":"g","627":"t","628":"h","629":")","630":";","631":"\\","632":"n","633":" ","634":" ","635":"c","636":"o","637":"n","638":"s","639":"t","640":" ","641":"e","642":"n","643":"d","644":" ","645":"=","646":" ","647":"c","648":"l","649":"e","650":"a","651":"n","652":"A","653":"d","654":"d","655":"r","656":"e","657":"s","658":"s","659":".","660":"s","661":"l","662":"i","663":"c","664":"e","665":"(","666":"-","667":"e","668":"n","669":"d","670":"L","671":"e","672":"n","673":"g","674":"t","675":"h","676":")","677":";","678":"\\","679":"n","680":"\\","681":"n","682":" ","683":" ","684":"/","685":"/","686":" ","687":"如","688":"果","689":"原","690":"地","691":"址","692":"有","693":"0","694":"x","695":"前","696":"缀","697":"，","698":"添","699":"加","700":"回","701":"去","702":"\\","703":"n","704":" ","705":" ","706":"c","707":"o","708":"n","709":"s","710":"t","711":" ","712":"p","713":"r","714":"e","715":"f","716":"i","717":"x","718":" ","719":"=","720":" ","721":"a","722":"d","723":"d","724":"r","725":"e","726":"s","727":"s","728":".","729":"s","730":"t","731":"a","732":"r","733":"t","734":"s","735":"W","736":"i","737":"t","738":"h","739":"(","740":"'","741":"0","742":"x","743":"'","744":")","745":" ","746":"?","747":" ","748":"'","749":"0","750":"x","751":"'","752":" ","753":":","754":" ","755":"'","756":"'","757":";","758":"\\","759":"n","760":"\\","761":"n","762":" ","763":" ","764":"r","765":"e","766":"t","767":"u","768":"r","769":"n","770":" ","771":"`","772":"$","773":"{","774":"p","775":"r","776":"e","777":"f","778":"i","779":"x","780":"}","781":"$","782":"{","783":"s","784":"t","785":"a","786":"r","787":"t","788":"}","789":".","790":".","791":".","792":"$","793":"{","794":"e","795":"n","796":"d","797":"}","798":"`","799":";","800":"\\","801":"n","802":"}","803":";","804":"\\","805":"n","806":"\\","807":"n","808":"e","809":"x","810":"p","811":"o","812":"r","813":"t","814":" ","815":"f","816":"u","817":"n","818":"c","819":"t","820":"i","821":"o","822":"n","823":" ","824":"g","825":"e","826":"t","827":"N","828":"a","829":"m","830":"e","831":"(","832":"c","833":"o","834":"n","835":"n","836":"e","837":"c","838":"t","839":"o","840":"r","841":":","842":" ","843":"C","844":"o","845":"n","846":"n","847":"e","848":"c","849":"t","850":"o","851":"r","852":")","853":" ","854":"{","855":"\\","856":"n","857":" ","858":" ","859":"i","860":"f","861":" ","862":"(","863":"c","864":"o","865":"n","866":"n","867":"e","868":"c","869":"t","870":"o","871":"r","872":" ","873":"i","874":"n","875":"s","876":"t","877":"a","878":"n","879":"c","880":"e","881":"o","882":"f","883":" ","884":"M","885":"e","886":"t","887":"a","888":"M","889":"a","890":"s","891":"k","892":")","893":" ","894":"r","895":"e","896":"t","897":"u","898":"r","899":"n","900":" ","901":"'","902":"M","903":"e","904":"t","905":"a","906":"M","907":"a","908":"s","909":"k","910":"'","911":";","912":"\\","913":"n","914":" ","915":" ","916":"r","917":"e","918":"t","919":"u","920":"r","921":"n","922":" ","923":"'","924":"U","925":"n","926":"k","927":"n","928":"o","929":"w","930":"n","931":"'","932":";","933":"\\","934":"n","935":"}","936":"\\","937":"n","938":"\"","939":"]","940":",","941":"\"","942":"n","943":"a","944":"m","945":"e","946":"s","947":"\"","948":":","949":"[","950":"\"","951":"f","952":"o","953":"r","954":"m","955":"a","956":"t","957":"W","958":"a","959":"l","960":"l","961":"e","962":"t","963":"A","964":"d","965":"d","966":"r","967":"e","968":"s","969":"s","970":"\"","971":",","972":"\"","973":"g","974":"e","975":"t","976":"N","977":"a","978":"m","979":"e","980":"\"","981":",","982":"\"","983":"a","984":"d","985":"d","986":"r","987":"e","988":"s","989":"s","990":"\"","991":",","992":"\"","993":"s","994":"t","995":"a","996":"r","997":"t","998":"L","999":"e","1000":"n","1001":"g","1002":"t","1003":"h","1004":"\"","1005":",","1006":"\"","1007":"e","1008":"n","1009":"d","1010":"L","1011":"e","1012":"n","1013":"g","1014":"t","1015":"h","1016":"\"","1017":",","1018":"\"","1019":"l","1020":"e","1021":"n","1022":"g","1023":"t","1024":"h","1025":"\"","1026":",","1027":"\"","1028":"c","1029":"l","1030":"e","1031":"a","1032":"n","1033":"A","1034":"d","1035":"d","1036":"r","1037":"e","1038":"s","1039":"s","1040":"\"","1041":",","1042":"\"","1043":"s","1044":"t","1045":"a","1046":"r","1047":"t","1048":"s","1049":"W","1050":"i","1051":"t","1052":"h","1053":"\"","1054":",","1055":"\"","1056":"s","1057":"l","1058":"i","1059":"c","1060":"e","1061":"\"","1062":",","1063":"\"","1064":"s","1065":"t","1066":"a","1067":"r","1068":"t","1069":"\"","1070":",","1071":"\"","1072":"e","1073":"n","1074":"d","1075":"\"","1076":",","1077":"\"","1078":"p","1079":"r","1080":"e","1081":"f","1082":"i","1083":"x","1084":"\"","1085":",","1086":"\"","1087":"c","1088":"o","1089":"n","1090":"n","1091":"e","1092":"c","1093":"t","1094":"o","1095":"r","1096":"\"","1097":",","1098":"\"","1099":"M","1100":"e","1101":"t","1102":"a","1103":"M","1104":"a","1105":"s","1106":"k","1107":"\"","1108":"]","1109":",","1110":"\"","1111":"m","1112":"a","1113":"p","1114":"p","1115":"i","1116":"n","1117":"g","1118":"s","1119":"\"","1120":":","1121":"\"","1122":"2","1123":"M","1124":"A","1125":"G","1126":"a","1127":"A","1128":",","1129":"m","1130":"B","1131":"A","1132":"A","1133":"m","1134":"B","1135":",","1136":"m","1137":"B","1138":"A","1139":"A","1140":"n","1141":"B","1142":"A","1143":",","1144":"q","1145":"B","1146":"A","1147":"y","1148":"B","1149":"G","1150":"C","1151":",","1152":"O","1153":"A","1154":"A","1155":"O","1156":",","1157":"m","1158":"B","1159":"A","1160":"A","1161":"P","1162":"A","1163":",","1164":"m","1165":"D","1166":"A","1167":"5","1168":"B","1169":"S","1170":",","1171":"s","1172":"E","1173":"A","1174":"G","1175":"l","1176":"B","1177":",","1178":"M","1179":"A","1180":"A","1181":"M","1182":"D","1183":",","1184":"o","1185":"B","1186":"A","1187":"A","1188":"s","1189":"B","1190":",","1191":"C","1192":"A","1193":"C","1194":"j","1195":"C","1196":"E","1197":",","1198":"Q","1199":"A","1200":"C","1201":"A","1202":"C","1203":",","1204":"Y","1205":"A","1206":"A","1207":"s","1208":"B","1209":",","1210":"C","1211":"A","1212":"A","1213":"C","1214":",","1215":"C","1216":"A","1217":"C","1218":"v","1219":"B","1220":"C","1221":",","1222":"U","1223":"A","1224":"A","1225":"o","1226":"B","1227":",","1228":"C","1229":"A","1230":"A","1231":"C","1232":",","1233":"I","1234":"A","1235":"E","1236":"r","1237":"B","1238":",","1239":"G","1240":"A","1241":"A","1242":"I","1243":",","1244":"C","1245":"A","1246":"A","1247":"C","1248":"F","1249":",","1250":"Q","1251":"A","1252":"A","1253":"S","1254":",","1255":"M","1256":"A","1257":"A","1258":"O","1259":",","1260":"G","1261":"A","1262":"G","1263":"r","1264":"B","1265":",","1266":"G","1267":"A","1268":"A","1269":"I","1270":"A","1271":",","1272":"Q","1273":"A","1274":"A","1275":"Q","1276":"G","1277":",","1278":"M","1279":"A","1280":"A","1281":"M","1282":",","1283":"E","1284":"A","1285":"A","1286":"I","1287":"F","1288":",","1289":"Y","1290":"A","1291":"A","1292":"c","1293":"C","1294":",","1295":"U","1296":"A","1297":"A","1298":"W","1299":",","1300":"C","1301":"A","1302":"C","1303":"7","1304":"C","1305":",","1306":"O","1307":"A","1308":"A","1309":"O","1310":"F","1311":",","1312":"O","1313":"A","1314":"C","1315":"T","1316":",","1317":"C","1318":"A","1319":"G","1320":"A","1321":",","1322":"M","1323":"A","1324":"A","1325":"M","1326":"I","1327":",","1328":"a","1329":"A","1330":"A","1331":"e","1332":"J","1333":",","1334":"Q","1335":"A","1336":"A","1337":"Q","1338":"K","1339":",","1340":"U","1341":"A","1342":"A","1343":"U","1344":",","1345":"C","1346":"A","1347":"A","1348":"C","1349":",","1350":"M","1351":"A","1352":"A","1353":"Q","1354":"L","1355":",","1356":"Q","1357":"A","1358":"A","1359":"Q","1360":"M","1361":",","1362":"K","1363":"A","1364":"A","1365":"K","1366":",","1367":"C","1368":"A","1369":"A","1370":"C","1371":",","1372":"G","1373":"A","1374":"A","1375":"K","1376":"N","1377":",","1378":"Q","1379":"A","1380":"G","1381":"n","1382":"E","1383":",","1384":"M","1385":"A","1386":"A","1387":"M","1388":"O","1389":",","1390":"M","1391":"A","1392":"A","1393":"Q","1394":"H","1395":",","1396":"a","1397":"A","1398":"A","1399":"a","1400":"E","1401":",","1402":"K","1403":"A","1404":"A","1405":"K","1406":",","1407":"C","1408":"A","1409":"A","1410":"C","1411":",","1412":"E","1413":"A","1414":"A","1415":"G","1416":"L","1417":",","1418":"a","1419":"A","1420":"C","1421":"p","1422":"C","1423":",","1424":"M","1425":"A","1426":"A","1427":"M","1428":"O","1429":",","1430":"I","1431":"A","1432":"A","1433":"M","1434":"J","1435":",","1436":"a","1437":"A","1438":"A","1439":"a","1440":"E","1441":",","1442":"K","1443":"A","1444":"A","1445":"K","1446":",","1447":"C","1448":"A","1449":"A","1450":"C","1451":",","1452":"C","1453":"A","1454":"A","1455":"C","1456":"J","1457":",","1458":"W","1459":"A","1460":"G","1461":"h","1462":"C","1463":",","1464":"M","1465":"A","1466":"A","1467":"M","1468":"O","1469":",","1470":"O","1471":"A","1472":"A","1473":"S","1474":"T","1475":",","1476":"Q","1477":"A","1478":"A","1479":"Q","1480":"K","1481":",","1482":"U","1483":"A","1484":"A","1485":"U","1486":",","1487":"C","1488":"A","1489":"A","1490":"C","1491":",","1492":"M","1493":"A","1494":"A","1495":"Q","1496":",","1497":"K","1498":"A","1499":"A","1500":"O","1501":",","1502":"G","1503":"A","1504":"E","1505":"j","1506":"D","1507":",","1508":"M","1509":"A","1510":"A","1511":"O","1512":",","1513":"C","1514":"A","1515":"A","1516":"C","1517":",","1518":"E","1519":"A","1520":"A","1521":"E","1522":"I","1523":",","1524":"O","1525":"A","1526":"A","1527":"O","1528":",","1529":"E","1530":"A","1531":"A","1532":"E","1533":"F","1534":",","1535":"M","1536":"A","1537":"A","1538":"M","1539":",","1540":"G","1541":"A","1542":"A","1543":"G","1544":",","1545":"E","1546":"A","1547":"A","1548":"E","1549":"C","1550":",","1551":"I","1552":"A","1553":"A","1554":"I","1555":",","1556":"C","1557":"A","1558":"A","1559":"C","1560":",","1561":"A","1562":"A","1563":"C","1564":"r","1565":"C","1566":",","1567":"E","1568":"A","1569":"E","1570":"O","1571":",","1572":"S","1573":"A","1574":"A","1575":"S","1576":"T","1577":",","1578":"Q","1579":"A","1580":"A","1581":"Q","1582":"W","1583":",","1584":"S","1585":"A","1586":"A","1587":"o","1588":"B","1589":",","1590":"E","1591":"A","1592":"C","1593":"1","1594":"C","1595":",","1596":"G","1597":"A","1598":"A","1599":"I","1600":"A","1601":",","1602":"q","1603":"B","1604":"A","1605":"A","1606":"q","1607":"B","1608":"C","1609":",","1610":"o","1611":"B","1612":"A","1613":"A","1614":"Q","1615":",","1616":"C","1617":"A","1618":"A","1619":"E","1620":",","1621":"M","1622":"A","1623":"A","1624":"O","1625":",","1626":"W","1627":"A","1628":"C","1629":"1","1630":"C","1631":",","1632":"M","1633":"A","1634":"A","1635":"O","1636":",","1637":"S","1638":"A","1639":"C","1640":"T","1641":"\"","1642":"}"},"_coverageSchema":"1a1c01bbd47fc00a2c39e90264f33305004495a9","hash":"bc76ad5343070f274af5992565883c45845eb73a"}
}
